<?xml version="1.0" encoding="UTF-8"?>
<testsuite name="com.gildedrose.GildedRoseSpec" tests="1" skipped="0" failures="0" errors="0" timestamp="2021-10-03T02:37:41" hostname="Dream.local" time="0.226">
  <properties/>
  <testcase name="should update quality correctly" classname="com.gildedrose.GildedRoseSpec" time="0.226"/>
  <system-out><![CDATA[]]></system-out>
  <system-err><![CDATA[]]></system-err>
</testsuite>
